Determining if the pthread_create exist failed with the following output:
Change Dir: /home/abdoul/rover_workspace/build/CMakeFiles/CMakeTmp

Run Build Command:/usr/bin/make "cmTryCompileExec1969859239/fast"
/usr/bin/make -f CMakeFiles/cmTryCompileExec1969859239.dir/build.make CMakeFiles/cmTryCompileExec1969859239.dir/build
make[1]: Entering directory `/home/abdoul/rover_workspace/build/CMakeFiles/CMakeTmp'
/usr/bin/cmake -E cmake_progress_report /home/abdoul/rover_workspace/build/CMakeFiles/CMakeTmp/CMakeFiles 1
Building C object CMakeFiles/cmTryCompileExec1969859239.dir/CheckSymbolExists.c.o
/usr/bin/cc    -o CMakeFiles/cmTryCompileExec1969859239.dir/CheckSymbolExists.c.o   -c /home/abdoul/rover_workspace/build/CMakeFiles/CMakeTmp/CheckSymbolExists.c
Linking C executable cmTryCompileExec1969859239
/usr/bin/cmake -E cmake_link_script CMakeFiles/cmTryCompileExec1969859239.dir/link.txt --verbose=1
/usr/bin/cc       CMakeFiles/cmTryCompileExec1969859239.dir/CheckSymbolExists.c.o  -o cmTryCompileExec1969859239 -rdynamic 
CMakeFiles/cmTryCompileExec1969859239.dir/CheckSymbolExists.c.o: In function `main':
CheckSymbolExists.c:(.text+0x16): undefined reference to `pthread_create'
collect2: error: ld returned 1 exit status
make[1]: *** [cmTryCompileExec1969859239] Error 1
make[1]: Leaving directory `/home/abdoul/rover_workspace/build/CMakeFiles/CMakeTmp'
make: *** [cmTryCompileExec1969859239/fast] Error 2

File /home/abdoul/rover_workspace/build/CMakeFiles/CMakeTmp/CheckSymbolExists.c:
/* */
#include <pthread.h>

int main(int argc, char** argv)
{
  (void)argv;
#ifndef pthread_create
  return ((int*)(&pthread_create))[argc];
#else
  (void)argc;
  return 0;
#endif
}

Determining if the function pthread_create exists in the pthreads failed with the following output:
Change Dir: /home/abdoul/rover_workspace/build/CMakeFiles/CMakeTmp

Run Build Command:/usr/bin/make "cmTryCompileExec782808149/fast"
/usr/bin/make -f CMakeFiles/cmTryCompileExec782808149.dir/build.make CMakeFiles/cmTryCompileExec782808149.dir/build
make[1]: Entering directory `/home/abdoul/rover_workspace/build/CMakeFiles/CMakeTmp'
/usr/bin/cmake -E cmake_progress_report /home/abdoul/rover_workspace/build/CMakeFiles/CMakeTmp/CMakeFiles 1
Building C object CMakeFiles/cmTryCompileExec782808149.dir/CheckFunctionExists.c.o
/usr/bin/cc   -DCHECK_FUNCTION_EXISTS=pthread_create   -o CMakeFiles/cmTryCompileExec782808149.dir/CheckFunctionExists.c.o   -c /usr/share/cmake-2.8/Modules/CheckFunctionExists.c
Linking C executable cmTryCompileExec782808149
/usr/bin/cmake -E cmake_link_script CMakeFiles/cmTryCompileExec782808149.dir/link.txt --verbose=1
/usr/bin/cc   -DCHECK_FUNCTION_EXISTS=pthread_create    CMakeFiles/cmTryCompileExec782808149.dir/CheckFunctionExists.c.o  -o cmTryCompileExec782808149 -rdynamic -lpthreads 
/usr/bin/ld: cannot find -lpthreads
collect2: error: ld returned 1 exit status
make[1]: *** [cmTryCompileExec782808149] Error 1
make[1]: Leaving directory `/home/abdoul/rover_workspace/build/CMakeFiles/CMakeTmp'
make: *** [cmTryCompileExec782808149/fast] Error 2


Determining if the Q_WS_WIN exist failed with the following output:
Change Dir: /home/abdoul/rover_workspace/build/CMakeFiles/CMakeTmp

Run Build Command:/usr/bin/make "cmTryCompileExec3287442198/fast"
/usr/bin/make -f CMakeFiles/cmTryCompileExec3287442198.dir/build.make CMakeFiles/cmTryCompileExec3287442198.dir/build
make[1]: Entering directory `/home/abdoul/rover_workspace/build/CMakeFiles/CMakeTmp'
/usr/bin/cmake -E cmake_progress_report /home/abdoul/rover_workspace/build/CMakeFiles/CMakeTmp/CMakeFiles 1
Building CXX object CMakeFiles/cmTryCompileExec3287442198.dir/CheckSymbolExists.cxx.o
/usr/bin/c++    -std=c++0x   -I/usr/include/qt4    -o CMakeFiles/cmTryCompileExec3287442198.dir/CheckSymbolExists.cxx.o -c /home/abdoul/rover_workspace/build/CMakeFiles/CMakeTmp/CheckSymbolExists.cxx
/home/abdoul/rover_workspace/build/CMakeFiles/CMakeTmp/CheckSymbolExists.cxx: In function ‘int main(int, char**)’:
/home/abdoul/rover_workspace/build/CMakeFiles/CMakeTmp/CheckSymbolExists.cxx:8:19: error: ‘Q_WS_WIN’ was not declared in this scope
   return ((int*)(&Q_WS_WIN))[argc];
                   ^
make[1]: *** [CMakeFiles/cmTryCompileExec3287442198.dir/CheckSymbolExists.cxx.o] Error 1
make[1]: Leaving directory `/home/abdoul/rover_workspace/build/CMakeFiles/CMakeTmp'
make: *** [cmTryCompileExec3287442198/fast] Error 2

File /home/abdoul/rover_workspace/build/CMakeFiles/CMakeTmp/CheckSymbolExists.cxx:
/* */
#include <QtCore/qglobal.h>

int main(int argc, char** argv)
{
  (void)argv;
#ifndef Q_WS_WIN
  return ((int*)(&Q_WS_WIN))[argc];
#else
  (void)argc;
  return 0;
#endif
}

Determining if the Q_WS_QWS exist failed with the following output:
Change Dir: /home/abdoul/rover_workspace/build/CMakeFiles/CMakeTmp

Run Build Command:/usr/bin/make "cmTryCompileExec2606329295/fast"
/usr/bin/make -f CMakeFiles/cmTryCompileExec2606329295.dir/build.make CMakeFiles/cmTryCompileExec2606329295.dir/build
make[1]: Entering directory `/home/abdoul/rover_workspace/build/CMakeFiles/CMakeTmp'
/usr/bin/cmake -E cmake_progress_report /home/abdoul/rover_workspace/build/CMakeFiles/CMakeTmp/CMakeFiles 1
Building CXX object CMakeFiles/cmTryCompileExec2606329295.dir/CheckSymbolExists.cxx.o
/usr/bin/c++    -std=c++0x   -I/usr/include/qt4    -o CMakeFiles/cmTryCompileExec2606329295.dir/CheckSymbolExists.cxx.o -c /home/abdoul/rover_workspace/build/CMakeFiles/CMakeTmp/CheckSymbolExists.cxx
/home/abdoul/rover_workspace/build/CMakeFiles/CMakeTmp/CheckSymbolExists.cxx: In function ‘int main(int, char**)’:
/home/abdoul/rover_workspace/build/CMakeFiles/CMakeTmp/CheckSymbolExists.cxx:8:19: error: ‘Q_WS_QWS’ was not declared in this scope
   return ((int*)(&Q_WS_QWS))[argc];
                   ^
make[1]: *** [CMakeFiles/cmTryCompileExec2606329295.dir/CheckSymbolExists.cxx.o] Error 1
make[1]: Leaving directory `/home/abdoul/rover_workspace/build/CMakeFiles/CMakeTmp'
make: *** [cmTryCompileExec2606329295/fast] Error 2

File /home/abdoul/rover_workspace/build/CMakeFiles/CMakeTmp/CheckSymbolExists.cxx:
/* */
#include <QtCore/qglobal.h>

int main(int argc, char** argv)
{
  (void)argv;
#ifndef Q_WS_QWS
  return ((int*)(&Q_WS_QWS))[argc];
#else
  (void)argc;
  return 0;
#endif
}

Determining if the Q_WS_MAC exist failed with the following output:
Change Dir: /home/abdoul/rover_workspace/build/CMakeFiles/CMakeTmp

Run Build Command:/usr/bin/make "cmTryCompileExec3312064391/fast"
/usr/bin/make -f CMakeFiles/cmTryCompileExec3312064391.dir/build.make CMakeFiles/cmTryCompileExec3312064391.dir/build
make[1]: Entering directory `/home/abdoul/rover_workspace/build/CMakeFiles/CMakeTmp'
/usr/bin/cmake -E cmake_progress_report /home/abdoul/rover_workspace/build/CMakeFiles/CMakeTmp/CMakeFiles 1
Building CXX object CMakeFiles/cmTryCompileExec3312064391.dir/CheckSymbolExists.cxx.o
/usr/bin/c++    -std=c++0x   -I/usr/include/qt4    -o CMakeFiles/cmTryCompileExec3312064391.dir/CheckSymbolExists.cxx.o -c /home/abdoul/rover_workspace/build/CMakeFiles/CMakeTmp/CheckSymbolExists.cxx
/home/abdoul/rover_workspace/build/CMakeFiles/CMakeTmp/CheckSymbolExists.cxx: In function ‘int main(int, char**)’:
/home/abdoul/rover_workspace/build/CMakeFiles/CMakeTmp/CheckSymbolExists.cxx:8:19: error: ‘Q_WS_MAC’ was not declared in this scope
   return ((int*)(&Q_WS_MAC))[argc];
                   ^
make[1]: *** [CMakeFiles/cmTryCompileExec3312064391.dir/CheckSymbolExists.cxx.o] Error 1
make[1]: Leaving directory `/home/abdoul/rover_workspace/build/CMakeFiles/CMakeTmp'
make: *** [cmTryCompileExec3312064391/fast] Error 2

File /home/abdoul/rover_workspace/build/CMakeFiles/CMakeTmp/CheckSymbolExists.cxx:
/* */
#include <QtCore/qglobal.h>

int main(int argc, char** argv)
{
  (void)argv;
#ifndef Q_WS_MAC
  return ((int*)(&Q_WS_MAC))[argc];
#else
  (void)argc;
  return 0;
#endif
}

